This file contains any messages produced by compilers while
running configure, to aid debugging if configure makes a mistake.

It was created by libtorrent-rasterbar configure 0.14.7, which was
generated by GNU Autoconf 2.64.  Invocation command line was

  $ ./configure --prefix=/Users/pepibumur/Desktop/Torrent-Movies/jni/libtorrent/ --enable-static --enable-pic --disable-asm --disable-cli --host=arm-eabi --build=i386-apple-darwin10.8.0

## --------- ##
## Platform. ##
## --------- ##

hostname = MacBook-Pro-de-Pedro.local
uname -m = x86_64
uname -r = 13.1.0
uname -s = Darwin
uname -v = Darwin Kernel Version 13.1.0: Thu Jan 16 19:40:37 PST 2014; root:xnu-2422.90.20~2/RELEASE_X86_64

/usr/bin/uname -p = i386
/bin/uname -X     = unknown

/bin/arch              = unknown
/usr/bin/arch -k       = unknown
/usr/convex/getsysinfo = unknown
/usr/bin/hostinfo      = Mach kernel version:
	 Darwin Kernel Version 13.1.0: Thu Jan 16 19:40:37 PST 2014; root:xnu-2422.90.20~2/RELEASE_X86_64
Kernel configured for up to 4 processors.
2 processors are physically available.
4 processors are logically available.
Processor type: i486 (Intel 80486)
Processors active: 0 1 2 3
Primary memory available: 16.00 gigabytes
Default processor set: 219 tasks, 1291 threads, 4 processors
Load average: 1.95, Mach factor: 2.04
/bin/machine           = unknown
/usr/bin/oslevel       = unknown
/bin/universe          = unknown

PATH: /Applications/androidsdk/android-ndk-r9d
PATH: /Applications/androidsdk/platform-tools
PATH: /Applications/androidsdk/tools
PATH: /usr/local/bin
PATH: /Users/pepibumur/.rbenv/shims
PATH: /Users/pepibumur/.rbenv/bin
PATH: /usr/bin
PATH: /bin
PATH: /usr/sbin
PATH: /sbin
PATH: /usr/local/bin
PATH: /usr/texbin


## ----------- ##
## Core tests. ##
## ----------- ##

configure:2622: checking for a BSD-compatible install
configure:2690: result: /usr/bin/install -c
configure:2701: checking whether build environment is sane
configure:2751: result: yes
configure:2800: checking for arm-eabi-strip
configure:2830: result: no
configure:2840: checking for strip
configure:2856: found /usr/bin/strip
configure:2867: result: strip
configure:2879: WARNING: using cross tools not prefixed with host triplet
configure:2892: checking for a thread-safe mkdir -p
configure:2931: result: ./install-sh -c -d
configure:2944: checking for gawk
configure:2974: result: no
configure:2944: checking for mawk
configure:2974: result: no
configure:2944: checking for nawk
configure:2974: result: no
configure:2944: checking for awk
configure:2960: found /usr/bin/awk
configure:2971: result: awk
configure:2982: checking whether make sets $(MAKE)
configure:3004: result: yes
configure:3103: checking for arm-eabi-gcc
configure:3133: result: no
configure:3143: checking for gcc
configure:3159: found /usr/bin/gcc
configure:3170: result: gcc
configure:3399: checking for C compiler version
configure:3408: gcc --version >&5
Apple LLVM version 5.0 (clang-500.2.79) (based on LLVM 3.3svn)
Target: x86_64-apple-darwin13.1.0
Thread model: posix
Configured with: --prefix=/Applications/Xcode.app/Contents/Developer/usr --with-gxx-include-dir=/usr/include/c++/4.2.1
configure:3419: $? = 0
configure:3408: gcc -v >&5
Configured with: --prefix=/Applications/Xcode.app/Contents/Developer/usr --with-gxx-include-dir=/usr/include/c++/4.2.1
Apple LLVM version 5.0 (clang-500.2.79) (based on LLVM 3.3svn)
Target: x86_64-apple-darwin13.1.0
Thread model: posix
configure:3419: $? = 0
configure:3408: gcc -V >&5
clang: error: argument to '-V' is missing (expected 1 value)
clang: error: no input files
configure:3419: $? = 1
configure:3408: gcc -qversion >&5
clang: error: no input files
configure:3419: $? = 1
configure:3441: checking for C compiler default output file name
configure:3463: gcc    conftest.c  >&5
configure:3467: $? = 0
configure:3504: result: a.out
configure:3520: checking whether the C compiler works
configure:3548: result: yes
configure:3555: checking whether we are cross compiling
configure:3557: result: yes
configure:3560: checking for suffix of executables
configure:3567: gcc -o conftest    conftest.c  >&5
configure:3571: $? = 0
configure:3593: result: 
configure:3599: checking for suffix of object files
configure:3621: gcc -c   conftest.c >&5
configure:3625: $? = 0
configure:3646: result: o
configure:3650: checking whether we are using the GNU C compiler
configure:3669: gcc -c   conftest.c >&5
configure:3669: $? = 0
configure:3678: result: yes
configure:3687: checking whether gcc accepts -g
configure:3707: gcc -c -g  conftest.c >&5
configure:3707: $? = 0
configure:3748: result: yes
configure:3765: checking for gcc option to accept ISO C89
configure:3829: gcc  -c -g -O2  conftest.c >&5
configure:3829: $? = 0
configure:3842: result: none needed
configure:3873: checking for style of include used by make
configure:3901: result: GNU
configure:3926: checking dependency style of gcc
configure:4036: result: gcc3
configure:4061: checking how to run the C preprocessor
configure:4092: gcc -E  conftest.c
configure:4092: $? = 0
configure:4106: gcc -E  conftest.c
conftest.c:11:10: fatal error: 'ac_nonexistent.h' file not found
#include <ac_nonexistent.h>
         ^
1 error generated.
configure:4106: $? = 1
configure: failed program was:
| /* confdefs.h */
| #define PACKAGE_NAME "libtorrent-rasterbar"
| #define PACKAGE_TARNAME "libtorrent-rasterbar"
| #define PACKAGE_VERSION "0.14.7"
| #define PACKAGE_STRING "libtorrent-rasterbar 0.14.7"
| #define PACKAGE_BUGREPORT "arvid@cs.umu.se"
| #define PACKAGE_URL ""
| #define PACKAGE "libtorrent-rasterbar"
| #define VERSION "0.14.7"
| /* end confdefs.h.  */
| #include <ac_nonexistent.h>
configure:4131: result: gcc -E
configure:4151: gcc -E  conftest.c
configure:4151: $? = 0
configure:4165: gcc -E  conftest.c
conftest.c:11:10: fatal error: 'ac_nonexistent.h' file not found
#include <ac_nonexistent.h>
         ^
1 error generated.
configure:4165: $? = 1
configure: failed program was:
| /* confdefs.h */
| #define PACKAGE_NAME "libtorrent-rasterbar"
| #define PACKAGE_TARNAME "libtorrent-rasterbar"
| #define PACKAGE_VERSION "0.14.7"
| #define PACKAGE_STRING "libtorrent-rasterbar 0.14.7"
| #define PACKAGE_BUGREPORT "arvid@cs.umu.se"
| #define PACKAGE_URL ""
| #define PACKAGE "libtorrent-rasterbar"
| #define VERSION "0.14.7"
| /* end confdefs.h.  */
| #include <ac_nonexistent.h>
configure:4207: checking for arm-eabi-g++
configure:4237: result: no
configure:4207: checking for arm-eabi-c++
configure:4237: result: no
configure:4207: checking for arm-eabi-gpp
configure:4237: result: no
configure:4207: checking for arm-eabi-aCC
configure:4237: result: no
configure:4207: checking for arm-eabi-CC
configure:4237: result: no
configure:4207: checking for arm-eabi-cxx
configure:4237: result: no
configure:4207: checking for arm-eabi-cc++
configure:4237: result: no
configure:4207: checking for arm-eabi-cl.exe
configure:4237: result: no
configure:4207: checking for arm-eabi-FCC
configure:4237: result: no
configure:4207: checking for arm-eabi-KCC
configure:4237: result: no
configure:4207: checking for arm-eabi-RCC
configure:4237: result: no
configure:4207: checking for arm-eabi-xlC_r
configure:4237: result: no
configure:4207: checking for arm-eabi-xlC
configure:4237: result: no
configure:4251: checking for g++
configure:4267: found /usr/bin/g++
configure:4278: result: g++
configure:4305: checking for C++ compiler version
configure:4314: g++ --version >&5
Apple LLVM version 5.0 (clang-500.2.79) (based on LLVM 3.3svn)
Target: x86_64-apple-darwin13.1.0
Thread model: posix
Configured with: --prefix=/Applications/Xcode.app/Contents/Developer/usr --with-gxx-include-dir=/usr/include/c++/4.2.1
configure:4325: $? = 0
configure:4314: g++ -v >&5
Configured with: --prefix=/Applications/Xcode.app/Contents/Developer/usr --with-gxx-include-dir=/usr/include/c++/4.2.1
Apple LLVM version 5.0 (clang-500.2.79) (based on LLVM 3.3svn)
Target: x86_64-apple-darwin13.1.0
Thread model: posix
configure:4325: $? = 0
configure:4314: g++ -V >&5
clang: error: argument to '-V' is missing (expected 1 value)
clang: error: no input files
configure:4325: $? = 1
configure:4314: g++ -qversion >&5
clang: error: no input files
configure:4325: $? = 1
configure:4329: checking whether we are using the GNU C++ compiler
configure:4348: g++ -c   conftest.cpp >&5
configure:4348: $? = 0
configure:4357: result: yes
configure:4366: checking whether g++ accepts -g
configure:4386: g++ -c -g  conftest.cpp >&5
configure:4386: $? = 0
configure:4427: result: yes
configure:4452: checking dependency style of g++
configure:4562: result: gcc3
configure:4657: checking whether make sets $(MAKE)
configure:4679: result: yes
configure:4717: checking build system type
configure:4731: result: i386-apple-darwin10.8.0
configure:4751: checking host system type
configure:4764: result: arm-unknown-eabi
configure:4784: checking for a sed that does not truncate output
configure:4848: result: /usr/bin/sed
configure:4866: checking for grep that handles long lines and -e
configure:4924: result: /usr/bin/grep
configure:4929: checking for egrep
configure:4991: result: /usr/bin/grep -E
configure:4996: checking for fgrep
configure:5058: result: /usr/bin/grep -F
configure:5093: checking for ld used by gcc
configure:5160: result: /Applications/Xcode.app/Contents/Developer/Toolchains/XcodeDefault.xctoolchain/usr/bin/ld
configure:5167: checking if the linker (/Applications/Xcode.app/Contents/Developer/Toolchains/XcodeDefault.xctoolchain/usr/bin/ld) is GNU ld
configure:5182: result: no
configure:5194: checking for BSD- or MS-compatible name lister (nm)
configure:5243: result: no
configure:5254: checking for arm-eabi-dumpbin
configure:5284: result: no
configure:5254: checking for arm-eabi-link
configure:5284: result: no
configure:5298: checking for dumpbin
configure:5328: result: no
configure:5298: checking for link
configure:5314: found /bin/link
configure:5325: result: link -dump -symbols
configure:5361: checking the name lister (link -dump -symbols) interface
configure:5368: gcc -c -g -O2  conftest.c >&5
configure:5371: link -dump -symbols "conftest.o"
link: illegal option -- d
usage: ln [-Ffhinsv] source_file [target_file]
       ln [-Ffhinsv] source_file ... target_dir
       link source_file target_file
configure:5374: output
configure:5381: result: BSD nm
configure:5384: checking whether ln -s works
configure:5388: result: yes
configure:5396: checking the maximum length of command line arguments
configure:5516: result: 196608
configure:5533: checking whether the shell understands some XSI constructs
configure:5543: result: yes
configure:5547: checking whether the shell understands "+="
configure:5553: result: yes
configure:5588: checking for /Applications/Xcode.app/Contents/Developer/Toolchains/XcodeDefault.xctoolchain/usr/bin/ld option to reload object files
configure:5595: result: -r
configure:5624: checking for arm-eabi-objdump
configure:5654: result: no
configure:5664: checking for objdump
configure:5694: result: no
configure:5723: checking how to recognize dependent libraries
configure:5919: result: unknown
configure:5939: checking for arm-eabi-ar
configure:5969: result: no
configure:5979: checking for ar
configure:5995: found /usr/bin/ar
configure:6006: result: ar
configure:6044: checking for arm-eabi-strip
configure:6071: result: strip
configure:6143: checking for arm-eabi-ranlib
configure:6173: result: no
configure:6183: checking for ranlib
configure:6199: found /usr/bin/ranlib
configure:6210: result: ranlib
configure:6300: checking command to parse link -dump -symbols output from gcc object
configure:6418: gcc -c -g -O2  conftest.c >&5
configure:6421: $? = 0
configure:6425: link -dump -symbols conftest.o \| sed -n -e 's/^.*[	 ]\([BCDEGRST][BCDEGRST]*\)[	 ][	 ]*\([_A-Za-z][_A-Za-z0-9]*\)$/\1 \2 \2/p' \> conftest.nm
link: illegal option -- d
usage: ln [-Ffhinsv] source_file [target_file]
       ln [-Ffhinsv] source_file ... target_dir
       link source_file target_file
configure:6428: $? = 0
cannot run sed -n -e 's/^.*[	 ]\([BCDEGRST][BCDEGRST]*\)[	 ][	 ]*\([_A-Za-z][_A-Za-z0-9]*\)$/\1 \2 \2/p'
configure:6418: gcc -c -g -O2  conftest.c >&5
configure:6421: $? = 0
configure:6425: link -dump -symbols conftest.o \| sed -n -e 's/^.*[	 ]\([BCDEGRST][BCDEGRST]*\)[	 ][	 ]*_\([_A-Za-z][_A-Za-z0-9]*\)$/\1 _\2 \2/p' \> conftest.nm
link: illegal option -- d
usage: ln [-Ffhinsv] source_file [target_file]
       ln [-Ffhinsv] source_file ... target_dir
       link source_file target_file
configure:6428: $? = 0
cannot run sed -n -e 's/^.*[	 ]\([BCDEGRST][BCDEGRST]*\)[	 ][	 ]*_\([_A-Za-z][_A-Za-z0-9]*\)$/\1 _\2 \2/p'
configure:6520: result: failed
configure:7328: checking for ANSI C header files
configure:7348: gcc -c -g -O2  conftest.c >&5
configure:7348: $? = 0
configure:7432: result: yes
configure:7445: checking for sys/types.h
configure:7445: gcc -c -g -O2  conftest.c >&5
configure:7445: $? = 0
configure:7445: result: yes
configure:7445: checking for sys/stat.h
configure:7445: gcc -c -g -O2  conftest.c >&5
configure:7445: $? = 0
configure:7445: result: yes
configure:7445: checking for stdlib.h
configure:7445: gcc -c -g -O2  conftest.c >&5
configure:7445: $? = 0
configure:7445: result: yes
configure:7445: checking for string.h
configure:7445: gcc -c -g -O2  conftest.c >&5
configure:7445: $? = 0
configure:7445: result: yes
configure:7445: checking for memory.h
configure:7445: gcc -c -g -O2  conftest.c >&5
configure:7445: $? = 0
configure:7445: result: yes
configure:7445: checking for strings.h
configure:7445: gcc -c -g -O2  conftest.c >&5
configure:7445: $? = 0
configure:7445: result: yes
configure:7445: checking for inttypes.h
configure:7445: gcc -c -g -O2  conftest.c >&5
configure:7445: $? = 0
configure:7445: result: yes
configure:7445: checking for stdint.h
configure:7445: gcc -c -g -O2  conftest.c >&5
configure:7445: $? = 0
configure:7445: result: yes
configure:7445: checking for unistd.h
configure:7445: gcc -c -g -O2  conftest.c >&5
configure:7445: $? = 0
configure:7445: result: yes
configure:7460: checking for dlfcn.h
configure:7460: gcc -c -g -O2  conftest.c >&5
configure:7460: $? = 0
configure:7460: result: yes
configure:7585: checking for C++ compiler version
configure:7594: g++ --version >&5
Apple LLVM version 5.0 (clang-500.2.79) (based on LLVM 3.3svn)
Target: x86_64-apple-darwin13.1.0
Thread model: posix
Configured with: --prefix=/Applications/Xcode.app/Contents/Developer/usr --with-gxx-include-dir=/usr/include/c++/4.2.1
configure:7605: $? = 0
configure:7594: g++ -v >&5
Configured with: --prefix=/Applications/Xcode.app/Contents/Developer/usr --with-gxx-include-dir=/usr/include/c++/4.2.1
Apple LLVM version 5.0 (clang-500.2.79) (based on LLVM 3.3svn)
Target: x86_64-apple-darwin13.1.0
Thread model: posix
configure:7605: $? = 0
configure:7594: g++ -V >&5
clang: error: argument to '-V' is missing (expected 1 value)
clang: error: no input files
configure:7605: $? = 1
configure:7594: g++ -qversion >&5
clang: error: no input files
configure:7605: $? = 1
configure:7609: checking whether we are using the GNU C++ compiler
configure:7637: result: yes
configure:7646: checking whether g++ accepts -g
configure:7707: result: yes
configure:7732: checking dependency style of g++
configure:7842: result: gcc3
configure:7865: checking how to run the C++ preprocessor
configure:7892: g++ -E  conftest.cpp
configure:7892: $? = 0
configure:7906: g++ -E  conftest.cpp
conftest.cpp:22:10: fatal error: 'ac_nonexistent.h' file not found
#include <ac_nonexistent.h>
         ^
1 error generated.
configure:7906: $? = 1
configure: failed program was:
| /* confdefs.h */
| #define PACKAGE_NAME "libtorrent-rasterbar"
| #define PACKAGE_TARNAME "libtorrent-rasterbar"
| #define PACKAGE_VERSION "0.14.7"
| #define PACKAGE_STRING "libtorrent-rasterbar 0.14.7"
| #define PACKAGE_BUGREPORT "arvid@cs.umu.se"
| #define PACKAGE_URL ""
| #define PACKAGE "libtorrent-rasterbar"
| #define VERSION "0.14.7"
| #define STDC_HEADERS 1
| #define HAVE_SYS_TYPES_H 1
| #define HAVE_SYS_STAT_H 1
| #define HAVE_STDLIB_H 1
| #define HAVE_STRING_H 1
| #define HAVE_MEMORY_H 1
| #define HAVE_STRINGS_H 1
| #define HAVE_INTTYPES_H 1
| #define HAVE_STDINT_H 1
| #define HAVE_UNISTD_H 1
| #define HAVE_DLFCN_H 1
| /* end confdefs.h.  */
| #include <ac_nonexistent.h>
configure:7931: result: g++ -E
configure:7951: g++ -E  conftest.cpp
configure:7951: $? = 0
configure:7965: g++ -E  conftest.cpp
conftest.cpp:22:10: fatal error: 'ac_nonexistent.h' file not found
#include <ac_nonexistent.h>
         ^
1 error generated.
configure:7965: $? = 1
configure: failed program was:
| /* confdefs.h */
| #define PACKAGE_NAME "libtorrent-rasterbar"
| #define PACKAGE_TARNAME "libtorrent-rasterbar"
| #define PACKAGE_VERSION "0.14.7"
| #define PACKAGE_STRING "libtorrent-rasterbar 0.14.7"
| #define PACKAGE_BUGREPORT "arvid@cs.umu.se"
| #define PACKAGE_URL ""
| #define PACKAGE "libtorrent-rasterbar"
| #define VERSION "0.14.7"
| #define STDC_HEADERS 1
| #define HAVE_SYS_TYPES_H 1
| #define HAVE_SYS_STAT_H 1
| #define HAVE_STDLIB_H 1
| #define HAVE_STRING_H 1
| #define HAVE_MEMORY_H 1
| #define HAVE_STRINGS_H 1
| #define HAVE_INTTYPES_H 1
| #define HAVE_STDINT_H 1
| #define HAVE_UNISTD_H 1
| #define HAVE_DLFCN_H 1
| /* end confdefs.h.  */
| #include <ac_nonexistent.h>
configure:8171: checking for objdir
configure:8186: result: .libs
configure:8482: checking if gcc supports -fno-rtti -fno-exceptions
configure:8500: gcc -c -g -O2  -fno-rtti -fno-exceptions conftest.c >&5
configure:8504: $? = 0
configure:8517: result: yes
configure:8537: checking for gcc option to produce PIC
configure:8809: result: -fPIC -DPIC
configure:8821: checking if gcc PIC flag -fPIC -DPIC works
configure:8839: gcc -c -g -O2  -fPIC -DPIC -DPIC conftest.c >&5
configure:8843: $? = 0
configure:8856: result: yes
configure:8880: checking if gcc static flag -static works
configure:8908: result: no
configure:8923: checking if gcc supports -c -o file.o
configure:8944: gcc -c -g -O2  -o out/conftest2.o conftest.c >&5
configure:8948: $? = 0
configure:8970: result: yes
configure:8978: checking if gcc supports -c -o file.o
configure:9025: result: yes
configure:9058: checking whether the gcc linker (/Applications/Xcode.app/Contents/Developer/Toolchains/XcodeDefault.xctoolchain/usr/bin/ld) supports shared libraries
configure:10044: result: no
configure:10283: checking dynamic linker characteristics
configure:10934: result: no
configure:11036: checking how to hardcode library paths into programs
configure:11061: result: unsupported
configure:11581: checking whether stripping libraries is possible
configure:11603: result: no
configure:11621: checking if libtool supports shared libraries
configure:11623: result: no
configure:11626: checking whether to build shared libraries
configure:11647: result: no
configure:11650: checking whether to build static libraries
configure:11654: result: yes
configure:11804: checking for ld used by g++
configure:11871: result: /Applications/Xcode.app/Contents/Developer/Toolchains/XcodeDefault.xctoolchain/usr/bin/ld
configure:11878: checking if the linker (/Applications/Xcode.app/Contents/Developer/Toolchains/XcodeDefault.xctoolchain/usr/bin/ld) is GNU ld
configure:11893: result: no
configure:11948: checking whether the g++ linker (/Applications/Xcode.app/Contents/Developer/Toolchains/XcodeDefault.xctoolchain/usr/bin/ld) supports shared libraries
configure:12861: result: no
configure:12889: g++ -c -g -O2  conftest.cpp >&5
configure:12892: $? = 0
configure:13074: checking for g++ option to produce PIC
configure:13391: result: -fPIC -DPIC
configure:13400: checking if g++ PIC flag -fPIC -DPIC works
configure:13418: g++ -c -g -O2  -fPIC -DPIC -DPIC conftest.cpp >&5
configure:13422: $? = 0
configure:13435: result: yes
configure:13456: checking if g++ static flag -static works
configure:13484: result: no
configure:13496: checking if g++ supports -c -o file.o
configure:13517: g++ -c -g -O2  -o out/conftest2.o conftest.cpp >&5
configure:13521: $? = 0
configure:13543: result: yes
configure:13548: checking if g++ supports -c -o file.o
configure:13595: result: yes
configure:13625: checking whether the g++ linker (/Applications/Xcode.app/Contents/Developer/Toolchains/XcodeDefault.xctoolchain/usr/bin/ld) supports shared libraries
configure:13651: result: no
configure:13788: checking dynamic linker characteristics
configure:14387: result: no
configure:14438: checking how to hardcode library paths into programs
configure:14463: result: unsupported
configure:14530: checking for special C compiler options needed for large files
configure:14575: result: no
configure:14581: checking for _FILE_OFFSET_BITS value needed for large files
configure:14606: gcc -c -g -O2  conftest.c >&5
configure:14606: $? = 0
configure:14638: result: no
configure:14886: checking for the pthreads library -lpthreads
configure:14919: gcc -o conftest -g -O2    conftest.c -lpthreads  >&5
ld: library not found for -lpthreads
clang: error: linker command failed with exit code 1 (use -v to see invocation)
configure:14919: $? = 1
configure: failed program was:
| /* confdefs.h */
| #define PACKAGE_NAME "libtorrent-rasterbar"
| #define PACKAGE_TARNAME "libtorrent-rasterbar"
| #define PACKAGE_VERSION "0.14.7"
| #define PACKAGE_STRING "libtorrent-rasterbar 0.14.7"
| #define PACKAGE_BUGREPORT "arvid@cs.umu.se"
| #define PACKAGE_URL ""
| #define PACKAGE "libtorrent-rasterbar"
| #define VERSION "0.14.7"
| #define STDC_HEADERS 1
| #define HAVE_SYS_TYPES_H 1
| #define HAVE_SYS_STAT_H 1
| #define HAVE_STDLIB_H 1
| #define HAVE_STRING_H 1
| #define HAVE_MEMORY_H 1
| #define HAVE_STRINGS_H 1
| #define HAVE_INTTYPES_H 1
| #define HAVE_STDINT_H 1
| #define HAVE_UNISTD_H 1
| #define HAVE_DLFCN_H 1
| #define LT_OBJDIR ".libs/"
| /* end confdefs.h.  */
| #include <pthread.h>
| int
| main ()
| {
| pthread_t th; pthread_join(th, 0);
|                      pthread_attr_init(0); pthread_cleanup_push(0, 0);
|                      pthread_create(0,0,0,0); pthread_cleanup_pop(0);
|   ;
|   return 0;
| }
configure:14928: result: no
configure:14831: checking whether pthreads work without any flags
configure:14919: gcc -o conftest -g -O2    conftest.c   >&5
configure:14919: $? = 0
configure:14928: result: yes
configure:14948: checking for joinable pthread attribute
configure:14961: gcc -o conftest -g -O2    conftest.c   >&5
configure:14961: $? = 0
configure:14993: result: PTHREAD_CREATE_JOINABLE
configure:15000: checking if more special flags are required for pthreads
configure:15007: result: no
configure:15019: checking for cc_r
configure:15047: result: gcc
configure:15140: checking for boostlib >= 1.35
configure:15194: g++ -c -g -O2  -I/usr/local/include conftest.cpp >&5
configure:15194: $? = 0
configure:15196: result: yes
configure:15894: checking whether the Boost::System library is available
configure:15918: g++ -c -g -O2  -I/usr/local/include conftest.cpp >&5
conftest.cpp:28:1: warning: expression result unused [-Wunused-value]
boost::system::system_category
^~~~~~~~~~~~~~~~~~~~~~~~~~~~~~
1 warning generated.
configure:15918: $? = 0
configure:15933: result: yes
configure:15948: checking for exit in -lboost_system-mt
configure:15973: gcc -o conftest -g -O2  -I/usr/local/include  -L/usr/local/lib conftest.c -lboost_system-mt   >&5
conftest.c:32:6: warning: incompatible redeclaration of library function 'exit' [-Wincompatible-library-redeclaration]
char exit ();
     ^
conftest.c:32:6: note: 'exit' is a builtin with type 'void (int) __attribute__((noreturn))'
1 warning generated.
configure:15973: $? = 0
configure:15983: result: yes
configure:16138: checking whether the Boost::ASIO library is available
configure:16169: g++ -c -g -O2  -I/usr/local/include conftest.cpp >&5
configure:16169: $? = 0
configure:16183: result: yes
configure:16196: checking for main in -lboost_system-mt
configure:16215: gcc -o conftest -g -O2  -I/usr/local/include  -L/usr/local/lib conftest.c -lboost_system-mt   >&5
configure:16215: $? = 0
configure:16225: result: yes
configure:16302: BOOST_CPPFLAGS=-I/usr/local/include
configure:16304: BOOST_LDFLAGS=-L/usr/local/lib
configure:16342: checking whether the Boost::Filesystem library is available
configure:16366: g++ -c -g -O2  -I/usr/local/include conftest.cpp >&5
configure:16366: $? = 0
configure:16380: result: yes
configure:16391: checking for exit in -lboost_filesystem-mt
configure:16416: gcc -o conftest -g -O2  -I/usr/local/include  -L/usr/local/lib conftest.c -lboost_filesystem-mt   -lboost_system-mt >&5
conftest.c:35:6: warning: incompatible redeclaration of library function 'exit' [-Wincompatible-library-redeclaration]
char exit ();
     ^
conftest.c:35:6: note: 'exit' is a builtin with type 'void (int) __attribute__((noreturn))'
1 warning generated.
configure:16416: $? = 0
configure:16426: result: yes
configure:16582: checking whether the Boost::Thread library is available
configure:16614: g++ -c -pthread -g -O2  -I/usr/local/include conftest.cpp >&5
configure:16614: $? = 0
configure:16629: result: yes
configure:16658: checking for exit in -lboost_thread-mt
configure:16683: gcc -o conftest -g -O2  -I/usr/local/include  -L/usr/local/lib conftest.c -lboost_thread-mt   >&5
conftest.c:36:6: warning: incompatible redeclaration of library function 'exit' [-Wincompatible-library-redeclaration]
char exit ();
     ^
conftest.c:36:6: note: 'exit' is a builtin with type 'void (int) __attribute__((noreturn))'
1 warning generated.
configure:16683: $? = 0
configure:16693: result: yes
configure:16856: checking whether the Boost::Regex library is available
configure:16879: g++ -c -g -O2  -pthread -I/usr/local/include conftest.cpp >&5
conftest.cpp:34:15: warning: empty parentheses interpreted as a function declaration [-Wvexing-parse]
boost::regex r(); return 0;
              ^~
conftest.cpp:34:15: note: remove parentheses to declare a variable
boost::regex r(); return 0;
              ^~
1 warning generated.
configure:16879: $? = 0
configure:16893: result: yes
configure:16904: checking for exit in -lboost_regex-mt
configure:16929: gcc -o conftest -g -O2  -pthread -I/usr/local/include  -L/usr/local/lib conftest.c -lboost_regex-mt   >&5
conftest.c:37:6: warning: incompatible redeclaration of library function 'exit' [-Wincompatible-library-redeclaration]
char exit ();
     ^
conftest.c:37:6: note: 'exit' is a builtin with type 'void (int) __attribute__((noreturn))'
1 warning generated.
configure:16929: $? = 0
configure:16939: result: yes
configure:17088: checking whether the Boost::Program_Options library is available
configure:17112: g++ -c -g -O2  -pthread -I/usr/local/include conftest.cpp >&5
configure:17112: $? = 0
configure:17126: result: yes
configure:17137: checking for exit in -lboost_program_options-mt
configure:17162: gcc -o conftest -g -O2  -pthread -I/usr/local/include  -L/usr/local/lib conftest.c -lboost_program_options-mt   >&5
conftest.c:38:6: warning: incompatible redeclaration of library function 'exit' [-Wincompatible-library-redeclaration]
char exit ();
     ^
conftest.c:38:6: note: 'exit' is a builtin with type 'void (int) __attribute__((noreturn))'
1 warning generated.
configure:17162: $? = 0
configure:17172: result: yes
configure:17297: checking for gethostbyname
configure:17297: gcc -o conftest -g -O2  -pthread -I/usr/local/include  -L/usr/local/lib conftest.c  >&5
configure:17297: $? = 0
configure:17297: result: yes
configure:17484: checking what form of logging to use
configure:17488: result: none
configure:17523: checking how to use DHT
configure:17527: result: on
configure:17571: checking how to use encryption
configure:17575: result: on
configure:17651: checking which zlib implementation to use
configure:17655: result: autodetect
configure:17657: checking for main in -lz
configure:17676: gcc -o conftest -g -O2  -pthread -I/usr/local/include  -L/usr/local/lib conftest.c -lz   >&5
configure:17676: $? = 0
configure:17685: result: yes
configure:17813: checking whether to link against system libgeoip
configure:18189: result: no
configure:18224: checking if python bindings should be build
configure:18673: result: no
configure:18716: checking if the examples should be build
configure:18732: result: no
configure:18770: checking if test files should be build
configure:18786: result: no
configure:19093: creating ./config.status

## ---------------------- ##
## Running config.status. ##
## ---------------------- ##

This file was extended by libtorrent-rasterbar config.status 0.14.7, which was
generated by GNU Autoconf 2.64.  Invocation command line was

  CONFIG_FILES    = 
  CONFIG_HEADERS  = 
  CONFIG_LINKS    = 
  CONFIG_COMMANDS = 
  $ ./config.status 

on MacBook-Pro-de-Pedro.local

config.status:1105: creating Makefile
config.status:1105: creating src/Makefile
config.status:1105: creating include/Makefile
config.status:1105: creating zlib/Makefile
config.status:1105: creating examples/Makefile
config.status:1105: creating test/Makefile
config.status:1105: creating bindings/python/Makefile
config.status:1105: creating bindings/python/setup.py
config.status:1105: creating libtorrent-rasterbar.pc
config.status:1268: executing depfiles commands
config.status:1268: executing libtool commands
configure:21372: WARNING: unrecognized options: --enable-pic, --disable-asm, --disable-cli

## ---------------- ##
## Cache variables. ##
## ---------------- ##

ac_cv_build=i386-apple-darwin10.8.0
ac_cv_c_compiler_gnu=yes
ac_cv_cxx_compiler_gnu=yes
ac_cv_env_CCC_set=
ac_cv_env_CCC_value=
ac_cv_env_CC_set=
ac_cv_env_CC_value=
ac_cv_env_CFLAGS_set=
ac_cv_env_CFLAGS_value=
ac_cv_env_CPPFLAGS_set=
ac_cv_env_CPPFLAGS_value=
ac_cv_env_CPP_set=
ac_cv_env_CPP_value=
ac_cv_env_CXXCPP_set=
ac_cv_env_CXXCPP_value=
ac_cv_env_CXXFLAGS_set=
ac_cv_env_CXXFLAGS_value=
ac_cv_env_CXX_set=
ac_cv_env_CXX_value=
ac_cv_env_GEOIP_CFLAGS_set=
ac_cv_env_GEOIP_CFLAGS_value=
ac_cv_env_GEOIP_LIBS_set=
ac_cv_env_GEOIP_LIBS_value=
ac_cv_env_LDFLAGS_set=
ac_cv_env_LDFLAGS_value=
ac_cv_env_LIBS_set=
ac_cv_env_LIBS_value=
ac_cv_env_PKG_CONFIG_set=
ac_cv_env_PKG_CONFIG_value=
ac_cv_env_build_alias_set=set
ac_cv_env_build_alias_value=i386-apple-darwin10.8.0
ac_cv_env_host_alias_set=set
ac_cv_env_host_alias_value=arm-eabi
ac_cv_env_target_alias_set=
ac_cv_env_target_alias_value=
ac_cv_func_gethostbyname=yes
ac_cv_header_dlfcn_h=yes
ac_cv_header_inttypes_h=yes
ac_cv_header_memory_h=yes
ac_cv_header_stdc=yes
ac_cv_header_stdint_h=yes
ac_cv_header_stdlib_h=yes
ac_cv_header_string_h=yes
ac_cv_header_strings_h=yes
ac_cv_header_sys_stat_h=yes
ac_cv_header_sys_types_h=yes
ac_cv_header_unistd_h=yes
ac_cv_host=arm-unknown-eabi
ac_cv_lib_boost_filesystem_mt___exit=yes
ac_cv_lib_boost_program_options_mt___exit=yes
ac_cv_lib_boost_regex_mt___exit=yes
ac_cv_lib_boost_system_mt___exit=yes
ac_cv_lib_boost_system_mt___main=yes
ac_cv_lib_boost_thread_mt___exit=yes
ac_cv_lib_z_main=yes
ac_cv_objext=o
ac_cv_path_EGREP='/usr/bin/grep -E'
ac_cv_path_FGREP='/usr/bin/grep -F'
ac_cv_path_GREP=/usr/bin/grep
ac_cv_path_SED=/usr/bin/sed
ac_cv_path_install='/usr/bin/install -c'
ac_cv_prog_AWK=awk
ac_cv_prog_CPP='gcc -E'
ac_cv_prog_CXXCPP='g++ -E'
ac_cv_prog_PTHREAD_CC=gcc
ac_cv_prog_STRIP=strip
ac_cv_prog_ac_ct_AR=ar
ac_cv_prog_ac_ct_CC=gcc
ac_cv_prog_ac_ct_CXX=g++
ac_cv_prog_ac_ct_DUMPBIN='link -dump -symbols'
ac_cv_prog_ac_ct_RANLIB=ranlib
ac_cv_prog_ac_ct_STRIP=strip
ac_cv_prog_cc_c89=
ac_cv_prog_cc_g=yes
ac_cv_prog_cxx_g=yes
ac_cv_prog_make_make_set=yes
ac_cv_sys_file_offset_bits=no
ac_cv_sys_largefile_CC=no
am_cv_CC_dependencies_compiler_type=gcc3
am_cv_CXX_dependencies_compiler_type=gcc3
ax_cv_boost_asio=yes
ax_cv_boost_filesystem=yes
ax_cv_boost_program_options=yes
ax_cv_boost_regex=yes
ax_cv_boost_system=yes
ax_cv_boost_thread=yes
lt_cv_deplibs_check_method=unknown
lt_cv_file_magic_cmd='$MAGIC_CMD'
lt_cv_file_magic_test_file=
lt_cv_ld_reload_flag=-r
lt_cv_nm_interface='BSD nm'
lt_cv_objdir=.libs
lt_cv_path_LD=/Applications/Xcode.app/Contents/Developer/Toolchains/XcodeDefault.xctoolchain/usr/bin/ld
lt_cv_path_LDCXX=/Applications/Xcode.app/Contents/Developer/Toolchains/XcodeDefault.xctoolchain/usr/bin/ld
lt_cv_path_NM=no
lt_cv_prog_compiler_c_o=yes
lt_cv_prog_compiler_c_o_CXX=yes
lt_cv_prog_compiler_pic_works=yes
lt_cv_prog_compiler_pic_works_CXX=yes
lt_cv_prog_compiler_rtti_exceptions=yes
lt_cv_prog_compiler_static_works=no
lt_cv_prog_compiler_static_works_CXX=no
lt_cv_prog_gnu_ld=no
lt_cv_prog_gnu_ldcxx=no
lt_cv_sys_global_symbol_pipe=
lt_cv_sys_global_symbol_to_c_name_address='sed -n -e '\''s/^: \([^ ]*\) $/  {\"\1\", (void *) 0},/p'\'' -e '\''s/^[BCDEGRST]* \([^ ]*\) \([^ ]*\)$/  {"\2", (void *) \&\2},/p'\'''
lt_cv_sys_global_symbol_to_c_name_address_lib_prefix='sed -n -e '\''s/^: \([^ ]*\) $/  {\"\1\", (void *) 0},/p'\'' -e '\''s/^[BCDEGRST]* \([^ ]*\) \(lib[^ ]*\)$/  {"\2", (void *) \&\2},/p'\'' -e '\''s/^[BCDEGRST]* \([^ ]*\) \([^ ]*\)$/  {"lib\2", (void *) \&\2},/p'\'''
lt_cv_sys_global_symbol_to_cdecl=
lt_cv_sys_max_cmd_len=196608

## ----------------- ##
## Output variables. ##
## ----------------- ##

ACLOCAL='${SHELL} /Users/pepibumur/Desktop/Torrent-Movies/libtorrent/missing --run aclocal-1.11'
AMDEPBACKSLASH='\'
AMDEP_FALSE='#'
AMDEP_TRUE=''
AMTAR='${SHELL} /Users/pepibumur/Desktop/Torrent-Movies/libtorrent/missing --run tar'
AR='ar'
AUTOCONF='${SHELL} /Users/pepibumur/Desktop/Torrent-Movies/libtorrent/missing --run autoconf'
AUTOHEADER='${SHELL} /Users/pepibumur/Desktop/Torrent-Movies/libtorrent/missing --run autoheader'
AUTOMAKE='${SHELL} /Users/pepibumur/Desktop/Torrent-Movies/libtorrent/missing --run automake-1.11'
AWK='awk'
BOOST_ASIO_LIB='-lboost_system-mt'
BOOST_CPPFLAGS='-pthread -I/usr/local/include'
BOOST_FILESYSTEM_LIB='-lboost_filesystem-mt'
BOOST_LDFLAGS='-L/usr/local/lib'
BOOST_PROGRAM_OPTIONS_LIB='-lboost_program_options-mt'
BOOST_PYTHON_LIB=''
BOOST_REGEX_LIB='-lboost_regex-mt'
BOOST_SYSTEM_LIB='-lboost_system-mt'
BOOST_THREAD_LIB='-lboost_thread-mt'
CC='gcc'
CCDEPMODE='depmode=gcc3'
CFLAGS='-g -O2'
CLIENT_TEST_BIN='client_test'
COMPILETIME_OPTIONS='-DBOOST_ASIO_HASH_MAP_BUCKETS=1021 -DTORRENT_USE_OPENSSL -DWITH_SHIPPED_GEOIP_H -DBOOST_EXCEPTION_DISABLE '
CPP='gcc -E'
CPPFLAGS=' -pthread -I/usr/local/include'
CXX='g++'
CXXCPP='g++ -E'
CXXDEPMODE='depmode=gcc3'
CXXFLAGS='-g -O2'
CYGPATH_W='echo'
DEBUGFLAGS='-Os'
DEFS='-DPACKAGE_NAME=\"libtorrent-rasterbar\" -DPACKAGE_TARNAME=\"libtorrent-rasterbar\" -DPACKAGE_VERSION=\"0.14.7\" -DPACKAGE_STRING=\"libtorrent-rasterbar\ 0.14.7\" -DPACKAGE_BUGREPORT=\"arvid@cs.umu.se\" -DPACKAGE_URL=\"\" -DPACKAGE=\"libtorrent-rasterbar\" -DVERSION=\"0.14.7\" -DSTDC_HEADERS=1 -DHAVE_SYS_TYPES_H=1 -DHAVE_SYS_STAT_H=1 -DHAVE_STDLIB_H=1 -DHAVE_STRING_H=1 -DHAVE_MEMORY_H=1 -DHAVE_STRINGS_H=1 -DHAVE_INTTYPES_H=1 -DHAVE_STDINT_H=1 -DHAVE_UNISTD_H=1 -DHAVE_DLFCN_H=1 -DLT_OBJDIR=\".libs/\" -DHAVE_PTHREAD=1 -DHAVE_BOOST_SYSTEM=/\*\*/ -DHAVE_BOOST_ASIO=/\*\*/ -DHAVE_BOOST=/\*\*/ -DHAVE_BOOST_FILESYSTEM=/\*\*/ -DHAVE_BOOST_THREAD=/\*\*/ -DHAVE_BOOST_REGEX=/\*\*/ -DHAVE_BOOST_PROGRAM_OPTIONS=/\*\*/ -DBOOST_ASIO_HASH_MAP_BUCKETS=1021 -DTORRENT_USE_OPENSSL=/\*\*/ -DHAVE_LIBZ=1 -DWITH_SHIPPED_GEOIP_H=1 -DBOOST_EXCEPTION_DISABLE=/\*\*/ -DNDEBUG=/\*\*/'
DEPDIR='.deps'
DSYMUTIL=''
DUMPBIN='link -dump -symbols'
ECHO_C='\c'
ECHO_N=''
ECHO_T=''
EGREP='/usr/bin/grep -E'
ENABLE_EXAMPLES_FALSE=''
ENABLE_EXAMPLES_TRUE='#'
ENABLE_PYTHON_BINDING_FALSE=''
ENABLE_PYTHON_BINDING_TRUE='#'
ENABLE_SHIPPED_ASIO_FALSE=''
ENABLE_SHIPPED_ASIO_TRUE='#'
ENABLE_SHIPPED_ZLIB_FALSE=''
ENABLE_SHIPPED_ZLIB_TRUE='#'
ENABLE_TESTS_FALSE=''
ENABLE_TESTS_TRUE='#'
EXEEXT=''
FGREP='/usr/bin/grep -F'
GEOIP_CFLAGS=''
GEOIP_LIBS=''
GREP='/usr/bin/grep'
HAVE_SSL='yes'
INSTALL_DATA='${INSTALL} -m 644'
INSTALL_PROGRAM='${INSTALL}'
INSTALL_SCRIPT='${INSTALL}'
INSTALL_STRIP_PROGRAM='$(install_sh) -c -s'
INTERFACE_VERSION_INFO='5:0:0'
LD='/Applications/Xcode.app/Contents/Developer/Toolchains/XcodeDefault.xctoolchain/usr/bin/ld'
LDFLAGS=' -L/usr/local/lib'
LIBOBJS=''
LIBS='-lz '
LIBTOOL='$(SHELL) $(top_builddir)/libtool'
LIPO=''
LN_S='ln -s'
LTLIBOBJS=''
MAKEINFO='${SHELL} /Users/pepibumur/Desktop/Torrent-Movies/libtorrent/missing --run makeinfo'
MKDIR_P='./install-sh -c -d'
NM='link -dump -symbols'
NMEDIT=''
OBJDUMP='false'
OBJEXT='o'
OTOOL64=''
OTOOL=''
PACKAGE='libtorrent-rasterbar'
PACKAGE_BUGREPORT='arvid@cs.umu.se'
PACKAGE_NAME='libtorrent-rasterbar'
PACKAGE_STRING='libtorrent-rasterbar 0.14.7'
PACKAGE_TARNAME='libtorrent-rasterbar'
PACKAGE_URL=''
PACKAGE_VERSION='0.14.7'
PATH_SEPARATOR=':'
PKG_CONFIG=''
PTHREAD_CC='gcc'
PTHREAD_CFLAGS=''
PTHREAD_LIBS=''
PYTHON=''
PYTHON_EXEC_PREFIX=''
PYTHON_INCLUDE_DIR=''
PYTHON_INSTALL_PARAMS='--prefix=$(DESTDIR)$(prefix)'
PYTHON_LIB=''
PYTHON_PLATFORM=''
PYTHON_PREFIX=''
PYTHON_VERSION=''
RANLIB='ranlib'
SED='/usr/bin/sed'
SET_MAKE=''
SHELL='/bin/sh'
SSL_CFLAGS='-I/usr/include/openssl -DHAVE_SSL'
SSL_CXXFLAGS='-I/usr/include/openssl -DHAVE_SSL'
SSL_LDFLAGS='-L/usr/lib'
SSL_LIBS='-lssl -lcrypto'
STRIP='strip'
USE_DHT_FALSE='#'
USE_DHT_TRUE=''
USE_ENCRYPTION_FALSE='#'
USE_ENCRYPTION_TRUE=''
VERSION='0.14.7'
WITH_SHIPPED_GEOIP_FALSE='#'
WITH_SHIPPED_GEOIP_TRUE=''
ZLIB=''
ZLIBINCL=''
ac_ct_CC='gcc'
ac_ct_CXX='g++'
ac_ct_DUMPBIN='link -dump -symbols'
acx_pthread_config=''
am__EXEEXT_FALSE=''
am__EXEEXT_TRUE='#'
am__fastdepCC_FALSE='#'
am__fastdepCC_TRUE=''
am__fastdepCXX_FALSE='#'
am__fastdepCXX_TRUE=''
am__include='include'
am__isrc=''
am__leading_dot='.'
am__quote=''
am__tar='${AMTAR} chof - "$$tardir"'
am__untar='${AMTAR} xf -'
bindir='${exec_prefix}/bin'
build='i386-apple-darwin10.8.0'
build_alias='i386-apple-darwin10.8.0'
build_cpu='i386'
build_os='darwin10.8.0'
build_vendor='apple'
datadir='${datarootdir}'
datarootdir='${prefix}/share'
docdir='${datarootdir}/doc/${PACKAGE_TARNAME}'
dvidir='${docdir}'
exec_prefix='${prefix}'
host='arm-unknown-eabi'
host_alias='arm-eabi'
host_cpu='arm'
host_os='eabi'
host_vendor='unknown'
htmldir='${docdir}'
includedir='${prefix}/include'
infodir='${datarootdir}/info'
install_sh='${SHELL} /Users/pepibumur/Desktop/Torrent-Movies/libtorrent/install-sh'
libdir='${exec_prefix}/lib'
libexecdir='${exec_prefix}/libexec'
localedir='${datarootdir}/locale'
localstatedir='${prefix}/var'
lt_ECHO='/bin/echo'
mandir='${datarootdir}/man'
mkdir_p='$(top_builddir)/./install-sh -c -d'
oldincludedir='/usr/include'
pdfdir='${docdir}'
pkgpyexecdir=''
pkgpythondir=''
prefix='/Users/pepibumur/Desktop/Torrent-Movies/jni/libtorrent'
program_transform_name='s,x,x,'
psdir='${docdir}'
pyexecdir=''
pythondir=''
sbindir='${exec_prefix}/sbin'
sharedstatedir='${prefix}/com'
sysconfdir='${prefix}/etc'
target_alias=''

## ----------- ##
## confdefs.h. ##
## ----------- ##

/* confdefs.h */
#define PACKAGE_NAME "libtorrent-rasterbar"
#define PACKAGE_TARNAME "libtorrent-rasterbar"
#define PACKAGE_VERSION "0.14.7"
#define PACKAGE_STRING "libtorrent-rasterbar 0.14.7"
#define PACKAGE_BUGREPORT "arvid@cs.umu.se"
#define PACKAGE_URL ""
#define PACKAGE "libtorrent-rasterbar"
#define VERSION "0.14.7"
#define STDC_HEADERS 1
#define HAVE_SYS_TYPES_H 1
#define HAVE_SYS_STAT_H 1
#define HAVE_STDLIB_H 1
#define HAVE_STRING_H 1
#define HAVE_MEMORY_H 1
#define HAVE_STRINGS_H 1
#define HAVE_INTTYPES_H 1
#define HAVE_STDINT_H 1
#define HAVE_UNISTD_H 1
#define HAVE_DLFCN_H 1
#define LT_OBJDIR ".libs/"
#define HAVE_PTHREAD 1
#define HAVE_BOOST_SYSTEM /**/
#define HAVE_BOOST_ASIO /**/
#define HAVE_BOOST /**/
#define HAVE_BOOST_FILESYSTEM /**/
#define HAVE_BOOST_THREAD /**/
#define HAVE_BOOST_REGEX /**/
#define HAVE_BOOST_PROGRAM_OPTIONS /**/
#define BOOST_ASIO_HASH_MAP_BUCKETS 1021
#define TORRENT_USE_OPENSSL /**/
#define HAVE_LIBZ 1
#define WITH_SHIPPED_GEOIP_H 1
#define BOOST_EXCEPTION_DISABLE /**/
#define NDEBUG /**/

configure: exit 0
